Performing C++ SOURCE FILE Test CMAKE_HAVE_LIBC_PTHREAD failed with the following output:
Change Dir: /home/karame/masterHPX/performance/adjacent_new/build/CMakeFiles/CMakeTmp

Run Build Command(s):/usr/bin/gmake cmTC_2a570/fast && /usr/bin/gmake  -f CMakeFiles/cmTC_2a570.dir/build.make CMakeFiles/cmTC_2a570.dir/build
gmake[1]: Entering directory '/home/karame/masterHPX/performance/adjacent_new/build/CMakeFiles/CMakeTmp'
Building CXX object CMakeFiles/cmTC_2a570.dir/src.cxx.o
/usr/lib64/ccache/c++ -DCMAKE_HAVE_LIBC_PTHREAD   -o CMakeFiles/cmTC_2a570.dir/src.cxx.o -c /home/karame/masterHPX/performance/adjacent_new/build/CMakeFiles/CMakeTmp/src.cxx
Linking CXX executable cmTC_2a570
/usr/bin/cmake -E cmake_link_script CMakeFiles/cmTC_2a570.dir/link.txt --verbose=1
/usr/lib64/ccache/c++ CMakeFiles/cmTC_2a570.dir/src.cxx.o -o cmTC_2a570 
/usr/bin/ld: CMakeFiles/cmTC_2a570.dir/src.cxx.o: in function `main':
src.cxx:(.text+0x2d): undefined reference to `pthread_create'
/usr/bin/ld: src.cxx:(.text+0x39): undefined reference to `pthread_detach'
/usr/bin/ld: src.cxx:(.text+0x45): undefined reference to `pthread_cancel'
/usr/bin/ld: src.cxx:(.text+0x56): undefined reference to `pthread_join'
collect2: error: ld returned 1 exit status
gmake[1]: *** [CMakeFiles/cmTC_2a570.dir/build.make:106: cmTC_2a570] Error 1
gmake[1]: Leaving directory '/home/karame/masterHPX/performance/adjacent_new/build/CMakeFiles/CMakeTmp'
gmake: *** [Makefile:140: cmTC_2a570/fast] Error 2


Source file was:
#include <pthread.h>

static void* test_func(void* data)
{
  return data;
}

int main(void)
{
  pthread_t thread;
  pthread_create(&thread, NULL, test_func, NULL);
  pthread_detach(thread);
  pthread_cancel(thread);
  pthread_join(thread, NULL);
  pthread_atfork(NULL, NULL, NULL);
  pthread_exit(NULL);

  return 0;
}

Performing C++ SOURCE FILE Test CMAKE_HAVE_LIBC_PTHREAD failed with the following output:
Change Dir: /home/karame/masterHPX/performance/adjacent_new/build/CMakeFiles/CMakeTmp

Run Build Command(s):/usr/bin/gmake cmTC_1a488/fast && /usr/bin/gmake  -f CMakeFiles/cmTC_1a488.dir/build.make CMakeFiles/cmTC_1a488.dir/build
gmake[1]: Entering directory '/home/karame/masterHPX/performance/adjacent_new/build/CMakeFiles/CMakeTmp'
Building CXX object CMakeFiles/cmTC_1a488.dir/src.cxx.o
/usr/lib64/ccache/c++ -DCMAKE_HAVE_LIBC_PTHREAD   -o CMakeFiles/cmTC_1a488.dir/src.cxx.o -c /home/karame/masterHPX/performance/adjacent_new/build/CMakeFiles/CMakeTmp/src.cxx
Linking CXX executable cmTC_1a488
/usr/bin/cmake -E cmake_link_script CMakeFiles/cmTC_1a488.dir/link.txt --verbose=1
/usr/lib64/ccache/c++ CMakeFiles/cmTC_1a488.dir/src.cxx.o -o cmTC_1a488 
/usr/bin/ld: CMakeFiles/cmTC_1a488.dir/src.cxx.o: in function `main':
src.cxx:(.text+0x2d): undefined reference to `pthread_create'
/usr/bin/ld: src.cxx:(.text+0x39): undefined reference to `pthread_detach'
/usr/bin/ld: src.cxx:(.text+0x45): undefined reference to `pthread_cancel'
/usr/bin/ld: src.cxx:(.text+0x56): undefined reference to `pthread_join'
collect2: error: ld returned 1 exit status
gmake[1]: *** [CMakeFiles/cmTC_1a488.dir/build.make:106: cmTC_1a488] Error 1
gmake[1]: Leaving directory '/home/karame/masterHPX/performance/adjacent_new/build/CMakeFiles/CMakeTmp'
gmake: *** [Makefile:140: cmTC_1a488/fast] Error 2


Source file was:
#include <pthread.h>

static void* test_func(void* data)
{
  return data;
}

int main(void)
{
  pthread_t thread;
  pthread_create(&thread, NULL, test_func, NULL);
  pthread_detach(thread);
  pthread_cancel(thread);
  pthread_join(thread, NULL);
  pthread_atfork(NULL, NULL, NULL);
  pthread_exit(NULL);

  return 0;
}

